This is pdfTeX, Version 3.14159265-2.6-1.40.18 (TeX Live 2017) (preloaded format=pdflatex 2017.12.27)  21 AUG 2019 14:24
entering extended mode
 restricted \write18 enabled.
 file:line:error style messages enabled.
 %&-line parsing enabled.
**/Users/jab/Desktop/CMSDC/CMS_DC_ANOMALY/report/summer/main.tex
(/Users/jab/Desktop/CMSDC/CMS_DC_ANOMALY/report/summer/main.tex
LaTeX2e <2017-04-15>
Babel <3.10> and hyphenation patterns for 84 language(s) loaded.
(/usr/local/texlive/2017/texmf-dist/tex/latex/base/book.cls
Document Class: book 2014/09/29 v1.4h Standard LaTeX document class
(/usr/local/texlive/2017/texmf-dist/tex/latex/base/bk11.clo
File: bk11.clo 2014/09/29 v1.4h Standard LaTeX file (size option)
)
\c@part=\count79
\c@chapter=\count80
\c@section=\count81
\c@subsection=\count82
\c@subsubsection=\count83
\c@paragraph=\count84
\c@subparagraph=\count85
\c@figure=\count86
\c@table=\count87
\abovecaptionskip=\skip41
\belowcaptionskip=\skip42
\bibindent=\dimen102
) (/usr/local/texlive/2017/texmf-dist/tex/latex/geometry/geometry.sty
Package: geometry 2010/09/12 v5.6 Page Geometry
 (/usr/local/texlive/2017/texmf-dist/tex/latex/graphics/keyval.sty
Package: keyval 2014/10/28 v1.15 key=value parser (DPC)
\KV@toks@=\toks14
) (/usr/local/texlive/2017/texmf-dist/tex/generic/oberdiek/ifpdf.sty
Package: ifpdf 2017/03/15 v3.2 Provides the ifpdf switch
) (/usr/local/texlive/2017/texmf-dist/tex/generic/oberdiek/ifvtex.sty
Package: ifvtex 2016/05/16 v1.6 Detect VTeX and its facilities (HO)
Package ifvtex Info: VTeX not detected.
) (/usr/local/texlive/2017/texmf-dist/tex/generic/ifxetex/ifxetex.sty
Package: ifxetex 2010/09/12 v0.6 Provides ifxetex conditional
)
\Gm@cnth=\count88
\Gm@cntv=\count89
\c@Gm@tempcnt=\count90
\Gm@bindingoffset=\dimen103
\Gm@wd@mp=\dimen104
\Gm@odd@mp=\dimen105
\Gm@even@mp=\dimen106
\Gm@layoutwidth=\dimen107
\Gm@layoutheight=\dimen108
\Gm@layouthoffset=\dimen109
\Gm@layoutvoffset=\dimen110
\Gm@dimlist=\toks15
) (/usr/local/texlive/2017/texmf-dist/tex/latex/appendix/appendix.sty
Package: appendix 2009/09/02 v1.2b extra appendix facilities
\c@@pps=\count91
\c@@ppsavesec=\count92
\c@@ppsaveapp=\count93
) (/usr/local/texlive/2017/texmf-dist/tex/latex/amsfonts/amssymb.sty
Package: amssymb 2013/01/14 v3.01 AMS font symbols
 (/usr/local/texlive/2017/texmf-dist/tex/latex/amsfonts/amsfonts.sty
Package: amsfonts 2013/01/14 v3.01 Basic AMSFonts support
\@emptytoks=\toks16
\symAMSa=\mathgroup4
\symAMSb=\mathgroup5
LaTeX Font Info:    Overwriting math alphabet `\mathfrak' in version `bold'
(Font)                  U/euf/m/n --> U/euf/b/n on input line 106.
)) (/usr/local/texlive/2017/texmf-dist/tex/latex/amsmath/amstext.sty
Package: amstext 2000/06/29 v2.01 AMS text
 (/usr/local/texlive/2017/texmf-dist/tex/latex/amsmath/amsgen.sty
File: amsgen.sty 1999/11/30 v2.0 generic functions
\@emptytoks=\toks17
\ex@=\dimen111
)) (/usr/local/texlive/2017/texmf-dist/tex/latex/amsmath/amsmath.sty
Package: amsmath 2016/11/05 v2.16a AMS math features
\@mathmargin=\skip43

For additional information on amsmath, use the `?' option.
(/usr/local/texlive/2017/texmf-dist/tex/latex/amsmath/amsbsy.sty
Package: amsbsy 1999/11/29 v1.2d Bold Symbols
\pmbraise@=\dimen112
) (/usr/local/texlive/2017/texmf-dist/tex/latex/amsmath/amsopn.sty
Package: amsopn 2016/03/08 v2.02 operator names
)
\inf@bad=\count94
LaTeX Info: Redefining \frac on input line 213.
\uproot@=\count95
\leftroot@=\count96
LaTeX Info: Redefining \overline on input line 375.
\classnum@=\count97
\DOTSCASE@=\count98
LaTeX Info: Redefining \ldots on input line 472.
LaTeX Info: Redefining \dots on input line 475.
LaTeX Info: Redefining \cdots on input line 596.
\Mathstrutbox@=\box26
\strutbox@=\box27
\big@size=\dimen113
LaTeX Font Info:    Redeclaring font encoding OML on input line 712.
LaTeX Font Info:    Redeclaring font encoding OMS on input line 713.
\macc@depth=\count99
\c@MaxMatrixCols=\count100
\dotsspace@=\muskip10
\c@parentequation=\count101
\dspbrk@lvl=\count102
\tag@help=\toks18
\row@=\count103
\column@=\count104
\maxfields@=\count105
\andhelp@=\toks19
\eqnshift@=\dimen114
\alignsep@=\dimen115
\tagshift@=\dimen116
\tagwidth@=\dimen117
\totwidth@=\dimen118
\lineht@=\dimen119
\@envbody=\toks20
\multlinegap=\skip44
\multlinetaggap=\skip45
\mathdisplay@stack=\toks21
LaTeX Info: Redefining \[ on input line 2817.
LaTeX Info: Redefining \] on input line 2818.
) (/usr/local/texlive/2017/texmf-dist/tex/latex/amscls/amsthm.sty
Package: amsthm 2015/03/04 v2.20.2
\thm@style=\toks22
\thm@bodyfont=\toks23
\thm@headfont=\toks24
\thm@notefont=\toks25
\thm@headpunct=\toks26
\thm@preskip=\skip46
\thm@postskip=\skip47
\thm@headsep=\skip48
\dth@everypar=\toks27
) (/usr/local/texlive/2017/texmf-dist/tex/latex/dirtytalk/dirtytalk.sty
Package: dirtytalk 2010/11/21 A package making "quoting" easier
 (/usr/local/texlive/2017/texmf-dist/tex/latex/oberdiek/kvoptions.sty
Package: kvoptions 2016/05/16 v3.12 Key value format for package options (HO)
 (/usr/local/texlive/2017/texmf-dist/tex/generic/oberdiek/ltxcmds.sty
Package: ltxcmds 2016/05/16 v1.23 LaTeX kernel commands for general use (HO)
) (/usr/local/texlive/2017/texmf-dist/tex/generic/oberdiek/kvsetkeys.sty
Package: kvsetkeys 2016/05/16 v1.17 Key value parser (HO)
 (/usr/local/texlive/2017/texmf-dist/tex/generic/oberdiek/infwarerr.sty
Package: infwarerr 2016/05/16 v1.4 Providing info/warning/error messages (HO)
) (/usr/local/texlive/2017/texmf-dist/tex/generic/oberdiek/etexcmds.sty
Package: etexcmds 2016/05/16 v1.6 Avoid name clashes with e-TeX commands (HO)
 (/usr/local/texlive/2017/texmf-dist/tex/generic/oberdiek/ifluatex.sty
Package: ifluatex 2016/05/16 v1.4 Provides the ifluatex switch (HO)
Package ifluatex Info: LuaTeX not detected.
)
Package etexcmds Info: Could not find \expanded.
(etexcmds)             That can mean that you are not using pdfTeX 1.50 or
(etexcmds)             that some package has redefined \expanded.
(etexcmds)             In the latter case, load this package earlier.
))) (/usr/local/texlive/2017/texmf-dist/tex/latex/base/ifthen.sty
Package: ifthen 2014/09/29 v1.1c Standard LaTeX ifthen package (DPC)
)
\c@dirtytalk@qdepth=\count106
) (/usr/local/texlive/2017/texmf-dist/tex/latex/graphics/graphicx.sty
Package: graphicx 2014/10/28 v1.0g Enhanced LaTeX Graphics (DPC,SPQR)
 (/usr/local/texlive/2017/texmf-dist/tex/latex/graphics/graphics.sty
Package: graphics 2017/04/14 v1.1b Standard LaTeX Graphics (DPC,SPQR)
 (/usr/local/texlive/2017/texmf-dist/tex/latex/graphics/trig.sty
Package: trig 2016/01/03 v1.10 sin cos tan (DPC)
) (/usr/local/texlive/2017/texmf-dist/tex/latex/graphics-cfg/graphics.cfg
File: graphics.cfg 2016/06/04 v1.11 sample graphics configuration
)
Package graphics Info: Driver file: pdftex.def on input line 99.
 (/usr/local/texlive/2017/texmf-dist/tex/latex/graphics-def/pdftex.def
File: pdftex.def 2017/01/12 v0.06k Graphics/color for pdfTeX
\Gread@gobject=\count107
))
\Gin@req@height=\dimen120
\Gin@req@width=\dimen121
) (/usr/local/texlive/2017/texmf-dist/tex/latex/natbib/natbib.sty
Package: natbib 2010/09/13 8.31b (PWD, AO)
\bibhang=\skip49
\bibsep=\skip50
LaTeX Info: Redefining \cite on input line 694.
\c@NAT@ctr=\count108
) (/usr/local/texlive/2017/texmf-dist/tex/latex/lipsum/lipsum.sty
Package: lipsum 2014/07/27 v1.3 150 paragraphs of Lorem Ipsum dummy text
\c@lips@count=\count109
) (/usr/local/texlive/2017/texmf-dist/tex/latex/caption/caption.sty
Package: caption 2016/02/21 v3.3-144 Customizing captions (AR)
 (/usr/local/texlive/2017/texmf-dist/tex/latex/caption/caption3.sty
Package: caption3 2016/05/22 v1.7-166 caption3 kernel (AR)
Package caption3 Info: TeX engine: e-TeX on input line 67.
\captionmargin=\dimen122
\captionmargin@=\dimen123
\captionwidth=\dimen124
\caption@tempdima=\dimen125
\caption@indent=\dimen126
\caption@parindent=\dimen127
\caption@hangindent=\dimen128
)
\c@ContinuedFloat=\count110
) (/usr/local/texlive/2017/texmf-dist/tex/latex/caption/subcaption.sty
Package: subcaption 2016/05/22 v1.1-161 Sub-captions (AR)
\c@subfigure=\count111
\c@subtable=\count112
) (/usr/local/texlive/2017/texmf-dist/tex/latex/xcolor/xcolor.sty
Package: xcolor 2016/05/11 v2.12 LaTeX color extensions (UK)
 (/usr/local/texlive/2017/texmf-dist/tex/latex/graphics-cfg/color.cfg
File: color.cfg 2016/01/02 v1.6 sample color configuration
)
Package xcolor Info: Driver file: pdftex.def on input line 225.
Package xcolor Info: Model `cmy' substituted by `cmy0' on input line 1348.
Package xcolor Info: Model `hsb' substituted by `rgb' on input line 1352.
Package xcolor Info: Model `RGB' extended on input line 1364.
Package xcolor Info: Model `HTML' substituted by `rgb' on input line 1366.
Package xcolor Info: Model `Hsb' substituted by `hsb' on input line 1367.
Package xcolor Info: Model `tHsb' substituted by `hsb' on input line 1368.
Package xcolor Info: Model `HSB' substituted by `hsb' on input line 1369.
Package xcolor Info: Model `Gray' substituted by `gray' on input line 1370.
Package xcolor Info: Model `wave' substituted by `hsb' on input line 1371.
) (/Users/jab/Desktop/CMSDC/CMS_DC_ANOMALY/report/summer/main.aux)
\openout1 = `main.aux'.

LaTeX Font Info:    Checking defaults for OML/cmm/m/it on input line 28.
LaTeX Font Info:    ... okay on input line 28.
LaTeX Font Info:    Checking defaults for T1/cmr/m/n on input line 28.
LaTeX Font Info:    ... okay on input line 28.
LaTeX Font Info:    Checking defaults for OT1/cmr/m/n on input line 28.
LaTeX Font Info:    ... okay on input line 28.
LaTeX Font Info:    Checking defaults for OMS/cmsy/m/n on input line 28.
LaTeX Font Info:    ... okay on input line 28.
LaTeX Font Info:    Checking defaults for OMX/cmex/m/n on input line 28.
LaTeX Font Info:    ... okay on input line 28.
LaTeX Font Info:    Checking defaults for U/cmr/m/n on input line 28.
LaTeX Font Info:    ... okay on input line 28.

*geometry* driver: auto-detecting
*geometry* detected driver: pdftex
*geometry* verbose mode - [ preamble ] result:
* driver: pdftex
* paper: <default>
* layout: <same size as paper>
* layoutoffset:(h,v)=(0.0pt,0.0pt)
* modes: 
* h-part:(L,W,R)=(86.72377pt, 440.84746pt, 86.72377pt)
* v-part:(T,H,B)=(86.72377pt, 621.52245pt, 86.72377pt)
* \paperwidth=614.295pt
* \paperheight=794.96999pt
* \textwidth=440.84746pt
* \textheight=621.52245pt
* \oddsidemargin=14.45378pt
* \evensidemargin=14.45378pt
* \topmargin=-17.42001pt
* \headheight=12.0pt
* \headsep=19.8738pt
* \topskip=11.0pt
* \footskip=27.46295pt
* \marginparwidth=62.0pt
* \marginparsep=7.0pt
* \columnsep=10.0pt
* \skip\footins=10.0pt plus 4.0pt minus 2.0pt
* \hoffset=0.0pt
* \voffset=0.0pt
* \mag=1000
* \@twocolumnfalse
* \@twosidefalse
* \@mparswitchfalse
* \@reversemarginfalse
* (1in=72.27pt=25.4mm, 1cm=28.453pt)

(/usr/local/texlive/2017/texmf-dist/tex/context/base/mkii/supp-pdf.mkii
[Loading MPS to PDF converter (version 2006.09.02).]
\scratchcounter=\count113
\scratchdimen=\dimen129
\scratchbox=\box28
\nofMPsegments=\count114
\nofMParguments=\count115
\everyMPshowfont=\toks28
\MPscratchCnt=\count116
\MPscratchDim=\dimen130
\MPnumerator=\count117
\makeMPintoPDFobject=\count118
\everyMPtoPDFconversion=\toks29
) (/usr/local/texlive/2017/texmf-dist/tex/generic/oberdiek/pdftexcmds.sty
Package: pdftexcmds 2017/03/19 v0.25 Utility functions of pdfTeX for LuaTeX (HO)
Package pdftexcmds Info: LuaTeX not detected.
Package pdftexcmds Info: \pdf@primitive is available.
Package pdftexcmds Info: \pdf@ifprimitive is available.
Package pdftexcmds Info: \pdfdraftmode found.
) (/usr/local/texlive/2017/texmf-dist/tex/latex/oberdiek/epstopdf-base.sty
Package: epstopdf-base 2016/05/15 v2.6 Base part for package epstopdf
 (/usr/local/texlive/2017/texmf-dist/tex/latex/oberdiek/grfext.sty
Package: grfext 2016/05/16 v1.2 Manage graphics extensions (HO)
 (/usr/local/texlive/2017/texmf-dist/tex/generic/oberdiek/kvdefinekeys.sty
Package: kvdefinekeys 2016/05/16 v1.4 Define keys (HO)
))
Package epstopdf-base Info: Redefining graphics rule for `.eps' on input line 438.
Package grfext Info: Graphics extension search list:
(grfext)             [.png,.pdf,.jpg,.mps,.jpeg,.jbig2,.jb2,.PNG,.PDF,.JPG,.JPEG,.JBIG2,.JB2,.eps]
(grfext)             \AppendGraphicsExtensions on input line 456.
 (/usr/local/texlive/2017/texmf-dist/tex/latex/latexconfig/epstopdf-sys.cfg
File: epstopdf-sys.cfg 2010/07/13 v1.3 Configuration of (r)epstopdf for TeX Live
))
Package caption Info: Begin \AtBeginDocument code.
Package caption Info: End \AtBeginDocument code.
 <images/CMS_logo_May2014-eps-converted-to.pdf, id=1, 395.4775pt x 395.4775pt>
File: images/CMS_logo_May2014-eps-converted-to.pdf Graphic file (type pdf)
 <use images/CMS_logo_May2014-eps-converted-to.pdf>
Package pdftex.def Info: images/CMS_logo_May2014-eps-converted-to.pdf used on input line 49.
(pdftex.def)             Requested size: 85.35826pt x 85.3579pt.
LaTeX Font Info:    Try loading font information for U+msa on input line 50.
 (/usr/local/texlive/2017/texmf-dist/tex/latex/amsfonts/umsa.fd
File: umsa.fd 2013/01/14 v3.01 AMS symbols A
)
LaTeX Font Info:    Try loading font information for U+msb on input line 50.
 (/usr/local/texlive/2017/texmf-dist/tex/latex/amsfonts/umsb.fd
File: umsb.fd 2013/01/14 v3.01 AMS symbols B
)
LaTeX Font Info:    Try loading font information for OMS+cmr on input line 50.
 (/usr/local/texlive/2017/texmf-dist/tex/latex/base/omscmr.fd
File: omscmr.fd 2014/09/29 v2.5h Standard LaTeX font definitions
)
LaTeX Font Info:    Font shape `OMS/cmr/m/n' in size <10> not available
(Font)              Font shape `OMS/cmsy/m/n' tried instead on input line 50.
LaTeX Font Info:    Font shape `OMS/cmr/m/n' in size <6> not available
(Font)              Font shape `OMS/cmsy/m/n' tried instead on input line 50.
LaTeX Font Info:    Font shape `OMS/cmr/m/n' in size <8> not available
(Font)              Font shape `OMS/cmsy/m/n' tried instead on input line 51.
 [1



{/usr/local/texlive/2017/texmf-var/fonts/map/pdftex/updmap/pdftex.map} </Users/jab/Desktop/CMSDC/CMS_DC_ANOMALY/report/summer/images/CMS_logo_May2014-eps-converted-to.pdf>] (/Users/jab/Desktop/CMSDC/CMS_DC_ANOMALY/report/summer/sections/abstract.tex) [1

] (/Users/jab/Desktop/CMSDC/CMS_DC_ANOMALY/report/summer/main.toc)
\tf@toc=\write3
\openout3 = `main.toc'.

 [2

] (/Users/jab/Desktop/CMSDC/CMS_DC_ANOMALY/report/summer/main.lof
Overfull \hbox (35.37181pt too wide) in paragraph at lines 12--12
 [][] []\OT1/cmr/m/n/10.95 Gaussian dis-tri-bu-tion, re-trieved from https://towardsdatascience.com/understanding- 
 []


Overfull \hbox (20.78578pt too wide) in paragraph at lines 14--14
 [][] []\OT1/cmr/m/n/10.95 Body of Vari-a-tional AE re-trieved from https://towardsdatascience.com/intuitively- 
 []

)
\tf@lof=\write4
\openout4 = `main.lof'.

 [3

] (/Users/jab/Desktop/CMSDC/CMS_DC_ANOMALY/report/summer/main.lot)
\tf@lot=\write5
\openout5 = `main.lot'.

 [4

] (/Users/jab/Desktop/CMSDC/CMS_DC_ANOMALY/report/summer/sections/overview.tex
Chapter 1.
) (/Users/jab/Desktop/CMSDC/CMS_DC_ANOMALY/report/summer/sections/background.tex [1


]
Chapter 2.
<images/cms_structure.png, id=42, 3189.9175pt x 2253.41875pt>
File: images/cms_structure.png Graphic file (type png)
 <use images/cms_structure.png>
Package pdftex.def Info: images/cms_structure.png used on input line 14.
(pdftex.def)             Requested size: 352.6793pt x 249.11467pt.
 [2

 </Users/jab/Desktop/CMSDC/CMS_DC_ANOMALY/report/summer/images/cms_structure.png>] <images/cms_slide.png, id=50, 6022.5pt x 3982.88pt>
File: images/cms_slide.png Graphic file (type png)
 <use images/cms_slide.png>
Package pdftex.def Info: images/cms_slide.png used on input line 27.
(pdftex.def)             Requested size: 352.6793pt x 233.18898pt.
 <images/cms_online_system.png, id=51, 949.5475pt x 677.53125pt>
File: images/cms_online_system.png Graphic file (type png)
 <use images/cms_online_system.png>
Package pdftex.def Info: images/cms_online_system.png used on input line 50.
(pdftex.def)             Requested size: 440.84746pt x 314.55254pt.
 [3 </Users/jab/Desktop/CMSDC/CMS_DC_ANOMALY/report/summer/images/cms_slide.png>] [4 </Users/jab/Desktop/CMSDC/CMS_DC_ANOMALY/report/summer/images/cms_online_system.png>] <images/dqm_flow.png, id=61, 855.195pt x 661.47125pt>
File: images/dqm_flow.png Graphic file (type png)
 <use images/dqm_flow.png>
Package pdftex.def Info: images/dqm_flow.png used on input line 88.
(pdftex.def)             Requested size: 308.59187pt x 238.68459pt.
) (/Users/jab/Desktop/CMSDC/CMS_DC_ANOMALY/report/summer/sections/objectives.tex [5 </Users/jab/Desktop/CMSDC/CMS_DC_ANOMALY/report/summer/images/dqm_flow.png>]
Chapter 3.
LaTeX Font Info:    Font shape `OMS/cmr/m/n' in size <10.95> not available
(Font)              Font shape `OMS/cmsy/m/n' tried instead on input line 4.
<images/expected_greyzone.png, id=66, 811.03pt x 533.995pt>
File: images/expected_greyzone.png Graphic file (type png)
 <use images/expected_greyzone.png>
Package pdftex.def Info: images/expected_greyzone.png used on input line 18.
(pdftex.def)             Requested size: 308.59187pt x 203.18094pt.
 [6

 </Users/jab/Desktop/CMSDC/CMS_DC_ANOMALY/report/summer/images/expected_greyzone.png>] <images/cartoon.png, id=71, 1225.57875pt x 705.63625pt>
File: images/cartoon.png Graphic file (type png)
 <use images/cartoon.png>
Package pdftex.def Info: images/cartoon.png used on input line 34.
(pdftex.def)             Requested size: 440.84746pt x 253.8135pt.
) (/Users/jab/Desktop/CMSDC/CMS_DC_ANOMALY/report/summer/sections/methodology.tex [7 </Users/jab/Desktop/CMSDC/CMS_DC_ANOMALY/report/summer/images/cartoon.png>]
Chapter 4.
<images/ex_eta_dist.png, id=76, 948.54375pt x 470.75874pt>
File: images/ex_eta_dist.png Graphic file (type png)
 <use images/ex_eta_dist.png>
Package pdftex.def Info: images/ex_eta_dist.png used on input line 21.
(pdftex.def)             Requested size: 308.59187pt x 153.1528pt.
 [8

 </Users/jab/Desktop/CMSDC/CMS_DC_ANOMALY/report/summer/images/ex_eta_dist.png (PNG copy)>] [9] <images/normal_dist.png, id=89, 1405.25pt x 702.625pt>
File: images/normal_dist.png Graphic file (type png)
 <use images/normal_dist.png>
Package pdftex.def Info: images/normal_dist.png used on input line 95.
(pdftex.def)             Requested size: 308.59187pt x 154.2885pt.

Underfull \hbox (badness 10000) in paragraph at lines 96--96
[]\OT1/cmr/bx/n/10 Figure 4.2: |\OT1/cmr/m/it/10 Gaus-sian dis-tri-bu-tion, re-trieved from
 []


Underfull \hbox (badness 10000) in paragraph at lines 96--96
\OT1/cmr/m/it/10 https://towardsdatascience.com/understanding-the-68-95-99-7-rule-for-a-normal-
 []

[10 </Users/jab/Desktop/CMSDC/CMS_DC_ANOMALY/report/summer/images/normal_dist.png (PNG copy)>] <images/vanilla_ae.png, id=93, 556.0775pt x 601.24625pt>
File: images/vanilla_ae.png Graphic file (type png)
 <use images/vanilla_ae.png>
Package pdftex.def Info: images/vanilla_ae.png used on input line 109.
(pdftex.def)             Requested size: 176.33629pt x 190.6596pt.
 [11 </Users/jab/Desktop/CMSDC/CMS_DC_ANOMALY/report/summer/images/vanilla_ae.png>] <images/variational_ae.png, id=98, 577.15625pt x 648.4225pt>
File: images/variational_ae.png Graphic file (type png)
 <use images/variational_ae.png>
Package pdftex.def Info: images/variational_ae.png used on input line 156.
(pdftex.def)             Requested size: 176.33629pt x 198.10991pt.

Underfull \hbox (badness 10000) in paragraph at lines 157--157
[]\OT1/cmr/bx/n/10 Figure 4.4: |\OT1/cmr/m/it/10 Body of Vari-a-tional AE re-trieved from
 []


Underfull \hbox (badness 10000) in paragraph at lines 157--157
\OT1/cmr/m/it/10 https://towardsdatascience.com/intuitively-understanding-variational-
 []

[12 </Users/jab/Desktop/CMSDC/CMS_DC_ANOMALY/report/summer/images/variational_ae.png>]) (/Users/jab/Desktop/CMSDC/CMS_DC_ANOMALY/report/summer/sections/results_and_discussion.tex [13]
Chapter 5.
<images/reco/2016/JetHT_label_2016.png, id=106, 462.528pt x 346.896pt>
File: images/reco/2016/JetHT_label_2016.png Graphic file (type png)
 <use images/reco/2016/JetHT_label_2016.png>
Package pdftex.def Info: images/reco/2016/JetHT_label_2016.png used on input line 12.
(pdftex.def)             Requested size: 264.51115pt x 198.39441pt.
 <images/reco/2016/performance.png, id=107, 462.528pt x 346.896pt>
File: images/reco/2016/performance.png Graphic file (type png)
 <use images/reco/2016/performance.png>
Package pdftex.def Info: images/reco/2016/performance.png used on input line 24.
(pdftex.def)             Requested size: 216.01767pt x 162.01425pt.
 <images/reco/2016/performance_ml.png, id=108, 462.528pt x 346.896pt>
File: images/reco/2016/performance_ml.png Graphic file (type png)
 <use images/reco/2016/performance_ml.png>
Package pdftex.def Info: images/reco/2016/performance_ml.png used on input line 28.
(pdftex.def)             Requested size: 216.01767pt x 162.01425pt.
 [14

 </Users/jab/Desktop/CMSDC/CMS_DC_ANOMALY/report/summer/images/reco/2016/JetHT_label_2016.png>] <images/reco/2016/decision_value_dist.png, id=114, 861.2175pt x 499.8675pt>
File: images/reco/2016/decision_value_dist.png Graphic file (type png)
 <use images/reco/2016/decision_value_dist.png>
Package pdftex.def Info: images/reco/2016/decision_value_dist.png used on input line 42.
(pdftex.def)             Requested size: 440.84746pt x 255.88246pt.


LaTeX Warning: `!h' float specifier changed to `!ht'.

<images/reco/2016/example_se.png, id=115, 462.528pt x 346.896pt>
File: images/reco/2016/example_se.png Graphic file (type png)
 <use images/reco/2016/example_se.png>
Package pdftex.def Info: images/reco/2016/example_se.png used on input line 57.
(pdftex.def)             Requested size: 352.6793pt x 264.52235pt.
 [15 </Users/jab/Desktop/CMSDC/CMS_DC_ANOMALY/report/summer/images/reco/2016/performance.png> </Users/jab/Desktop/CMSDC/CMS_DC_ANOMALY/report/summer/images/reco/2016/performance_ml.png>]

LaTeX Warning: `!h' float specifier changed to `!ht'.

<images/reco/2016/guess_visual.png, id=121, 896.34875pt x 706.64pt>
File: images/reco/2016/guess_visual.png Graphic file (type png)
 <use images/reco/2016/guess_visual.png>
Package pdftex.def Info: images/reco/2016/guess_visual.png used on input line 66.
(pdftex.def)             Requested size: 440.84746pt x 347.53973pt.


LaTeX Warning: `!h' float specifier changed to `!ht'.

<images/reco/2018/EGamma_subsystem_label.png, id=122, 408.3255pt x 328.8285pt>
File: images/reco/2018/EGamma_subsystem_label.png Graphic file (type png)
 <use images/reco/2018/EGamma_subsystem_label.png>
Package pdftex.def Info: images/reco/2018/EGamma_subsystem_label.png used on input line 84.
(pdftex.def)             Requested size: 216.01767pt x 173.96217pt.
 <images/reco/2018/EGamma_subsystem_label_short_range.png, id=123, 411.939pt x 328.8285pt>
File: images/reco/2018/EGamma_subsystem_label_short_range.png Graphic file (type png)
 <use images/reco/2018/EGamma_subsystem_label_short_range.png>
Package pdftex.def Info: images/reco/2018/EGamma_subsystem_label_short_range.png used on input line 88.
(pdftex.def)             Requested size: 216.01767pt x 172.43182pt.


LaTeX Warning: `!h' float specifier changed to `!ht'.

<images/reco/2018/SingleMuon_label_separate.png, id=124, 409.7709pt x 327.3831pt>
File: images/reco/2018/SingleMuon_label_separate.png Graphic file (type png)
 <use images/reco/2018/SingleMuon_label_separate.png>
Package pdftex.def Info: images/reco/2018/SingleMuon_label_separate.png used on input line 98.
(pdftex.def)             Requested size: 216.01767pt x 172.58305pt.
 <images/reco/2018/SingleMuon_label_separate_short_range.png, id=125, 411.939pt x 327.3831pt>
File: images/reco/2018/SingleMuon_label_separate_short_range.png Graphic file (type png)
 <use images/reco/2018/SingleMuon_label_separate_short_range.png>
Package pdftex.def Info: images/reco/2018/SingleMuon_label_separate_short_range.png used on input line 102.
(pdftex.def)             Requested size: 216.01767pt x 171.67387pt.
 <images/reco/2018/SingleMuon_subsystem_label.png, id=126, 408.3255pt x 328.8285pt>
File: images/reco/2018/SingleMuon_subsystem_label.png Graphic file (type png)
 <use images/reco/2018/SingleMuon_subsystem_label.png>
Package pdftex.def Info: images/reco/2018/SingleMuon_subsystem_label.png used on input line 106.
(pdftex.def)             Requested size: 216.01767pt x 173.96217pt.
 <images/reco/2018/SingleMuon_subsystem_label_short_range.png, id=127, 411.939pt x 328.8285pt>
File: images/reco/2018/SingleMuon_subsystem_label_short_range.png Graphic file (type png)
 <use images/reco/2018/SingleMuon_subsystem_label_short_range.png>
Package pdftex.def Info: images/reco/2018/SingleMuon_subsystem_label_short_range.png used on input line 110.
(pdftex.def)             Requested size: 216.01767pt x 172.43182pt.


LaTeX Warning: `!h' float specifier changed to `!ht'.

<images/reco/2018/ZeroBias_label_separate.png, id=128, 422.0568pt x 328.8285pt>
File: images/reco/2018/ZeroBias_label_separate.png Graphic file (type png)
 <use images/reco/2018/ZeroBias_label_separate.png>
Package pdftex.def Info: images/reco/2018/ZeroBias_label_separate.png used on input line 121.
(pdftex.def)             Requested size: 216.01767pt x 168.30241pt.
 <images/reco/2018/ZeroBias_label_separate_short_range.png, id=129, 411.939pt x 328.8285pt>
File: images/reco/2018/ZeroBias_label_separate_short_range.png Graphic file (type png)
 <use images/reco/2018/ZeroBias_label_separate_short_range.png>
Package pdftex.def Info: images/reco/2018/ZeroBias_label_separate_short_range.png used on input line 125.
(pdftex.def)             Requested size: 216.01767pt x 172.43182pt.
 <images/reco/2018/ZeroBias_subsystem_label.png, id=130, 417.7206pt x 328.8285pt>
File: images/reco/2018/ZeroBias_subsystem_label.png Graphic file (type png)
 <use images/reco/2018/ZeroBias_subsystem_label.png>
Package pdftex.def Info: images/reco/2018/ZeroBias_subsystem_label.png used on input line 129.
(pdftex.def)             Requested size: 216.01767pt x 170.04851pt.
 <images/reco/2018/ZeroBias_subsystem_label_short_range.png, id=131, 411.939pt x 328.8285pt>
File: images/reco/2018/ZeroBias_subsystem_label_short_range.png Graphic file (type png)
 <use images/reco/2018/ZeroBias_subsystem_label_short_range.png>
Package pdftex.def Info: images/reco/2018/ZeroBias_subsystem_label_short_range.png used on input line 133.
(pdftex.def)             Requested size: 216.01767pt x 172.43182pt.


LaTeX Warning: `!h' float specifier changed to `!ht'.

<images/reco/2018/JetHT_label_separate.png, id=132, 408.3255pt x 328.8285pt>
File: images/reco/2018/JetHT_label_separate.png Graphic file (type png)
 <use images/reco/2018/JetHT_label_separate.png>
Package pdftex.def Info: images/reco/2018/JetHT_label_separate.png used on input line 143.
(pdftex.def)             Requested size: 216.01767pt x 173.96217pt.
 <images/reco/2018/JetHT_label_separate_short_range.png, id=133, 411.939pt x 328.8285pt>
File: images/reco/2018/JetHT_label_separate_short_range.png Graphic file (type png)
 <use images/reco/2018/JetHT_label_separate_short_range.png>
Package pdftex.def Info: images/reco/2018/JetHT_label_separate_short_range.png used on input line 147.
(pdftex.def)             Requested size: 216.01767pt x 172.43182pt.
 <images/reco/2018/JetHT_subsystem_label.png, id=134, 408.3255pt x 328.8285pt>
File: images/reco/2018/JetHT_subsystem_label.png Graphic file (type png)
 <use images/reco/2018/JetHT_subsystem_label.png>
Package pdftex.def Info: images/reco/2018/JetHT_subsystem_label.png used on input line 151.
(pdftex.def)             Requested size: 216.01767pt x 173.96217pt.
 <images/reco/2018/JetHT_subsystem_label_short_range.png, id=135, 411.939pt x 328.8285pt>
File: images/reco/2018/JetHT_subsystem_label_short_range.png Graphic file (type png)
 <use images/reco/2018/JetHT_subsystem_label_short_range.png>
Package pdftex.def Info: images/reco/2018/JetHT_subsystem_label_short_range.png used on input line 155.
(pdftex.def)             Requested size: 216.01767pt x 172.43182pt.


LaTeX Warning: `!h' float specifier changed to `!ht'.

[16 </Users/jab/Desktop/CMSDC/CMS_DC_ANOMALY/report/summer/images/reco/2016/decision_value_dist.png>] <images/reco/2018/feature_1/performance_EGamma_VanillaSparseContractiveVariational.png, id=140, 462.528pt x 346.896pt>
File: images/reco/2018/feature_1/performance_EGamma_VanillaSparseContractiveVariational.png Graphic file (type png)
 <use images/reco/2018/feature_1/performance_EGamma_VanillaSparseContractiveVariational.png>
Package pdftex.def Info: images/reco/2018/feature_1/performance_EGamma_VanillaSparseContractiveVariational.png used on input line 175.
(pdftex.def)             Requested size: 216.01767pt x 162.01425pt.
 <images/reco/2018/feature_1/performance_SingleMuon_VanillaSparseContractiveVariational.png, id=141, 462.528pt x 346.896pt>
File: images/reco/2018/feature_1/performance_SingleMuon_VanillaSparseContractiveVariational.png Graphic file (type png)
 <use images/reco/2018/feature_1/performance_SingleMuon_VanillaSparseContractiveVariational.png>
Package pdftex.def Info: images/reco/2018/feature_1/performance_SingleMuon_VanillaSparseContractiveVariational.png used on input line 179.
(pdftex.def)             Requested size: 216.01767pt x 162.01425pt.
 <images/reco/2018/feature_1/performance_ZeroBias_VanillaSparseContractiveVariational.png, id=142, 462.528pt x 346.896pt>
File: images/reco/2018/feature_1/performance_ZeroBias_VanillaSparseContractiveVariational.png Graphic file (type png)
 <use images/reco/2018/feature_1/performance_ZeroBias_VanillaSparseContractiveVariational.png>
Package pdftex.def Info: images/reco/2018/feature_1/performance_ZeroBias_VanillaSparseContractiveVariational.png used on input line 183.
(pdftex.def)             Requested size: 216.01767pt x 162.01425pt.
 <images/reco/2018/feature_1/performance_JetHT_VanillaSparseContractiveVariational.png, id=143, 462.528pt x 346.896pt>
File: images/reco/2018/feature_1/performance_JetHT_VanillaSparseContractiveVariational.png Graphic file (type png)
 <use images/reco/2018/feature_1/performance_JetHT_VanillaSparseContractiveVariational.png>
Package pdftex.def Info: images/reco/2018/feature_1/performance_JetHT_VanillaSparseContractiveVariational.png used on input line 187.
(pdftex.def)             Requested size: 216.01767pt x 162.01425pt.


LaTeX Warning: `!h' float specifier changed to `!ht'.

<images/reco/2018/feature_1/performance_EGamma_SparseContractiveSparseVariationalContractiveVariationalStandard.png, id=144, 462.528pt x 346.896pt>
File: images/reco/2018/feature_1/performance_EGamma_SparseContractiveSparseVariationalContractiveVariationalStandard.png Graphic file (type png)
 <use images/reco/2018/feature_1/performance_EGamma_SparseContractiveSparseVariationalContractiveVariationalStandard.png>
Package pdftex.def Info: images/reco/2018/feature_1/performance_EGamma_SparseContractiveSparseVariationalContractiveVariationalStandard.png used on input line 199.
(pdftex.def)             Requested size: 216.01767pt x 162.01425pt.
 <images/reco/2018/feature_1/performance_SingleMuon_SparseContractiveSparseVariationalContractiveVariationalStandard.png, id=145, 462.528pt x 346.896pt>
File: images/reco/2018/feature_1/performance_SingleMuon_SparseContractiveSparseVariationalContractiveVariationalStandard.png Graphic file (type png)
 <use images/reco/2018/feature_1/performance_SingleMuon_SparseContractiveSparseVariationalContractiveVariationalStandard.png>
Package pdftex.def Info: images/reco/2018/feature_1/performance_SingleMuon_SparseContractiveSparseVariationalContractiveVariationalStandard.png used on input line 203.
(pdftex.def)             Requested size: 216.01767pt x 162.01425pt.
 <images/reco/2018/feature_1/performance_ZeroBias_SparseContractiveSparseVariationalContractiveVariationalStandard.png, id=146, 462.528pt x 346.896pt>
File: images/reco/2018/feature_1/performance_ZeroBias_SparseContractiveSparseVariationalContractiveVariationalStandard.png Graphic file (type png)
 <use images/reco/2018/feature_1/performance_ZeroBias_SparseContractiveSparseVariationalContractiveVariationalStandard.png>
Package pdftex.def Info: images/reco/2018/feature_1/performance_ZeroBias_SparseContractiveSparseVariationalContractiveVariationalStandard.png used on input line 207.
(pdftex.def)             Requested size: 216.01767pt x 162.01425pt.
 <images/reco/2018/feature_1/performance_JetHT_SparseContractiveSparseVariationalContractiveVariationalStandard.png, id=147, 462.528pt x 346.896pt>
File: images/reco/2018/feature_1/performance_JetHT_SparseContractiveSparseVariationalContractiveVariationalStandard.png Graphic file (type png)
 <use images/reco/2018/feature_1/performance_JetHT_SparseContractiveSparseVariationalContractiveVariationalStandard.png>
Package pdftex.def Info: images/reco/2018/feature_1/performance_JetHT_SparseContractiveSparseVariationalContractiveVariationalStandard.png used on input line 211.
(pdftex.def)             Requested size: 216.01767pt x 162.01425pt.


LaTeX Warning: `!h' float specifier changed to `!ht'.

<images/reco/2018/feature_2/performance_SingleMuon_VanillaSparseContractiveVariational.png, id=148, 462.528pt x 346.896pt>
File: images/reco/2018/feature_2/performance_SingleMuon_VanillaSparseContractiveVariational.png Graphic file (type png)
 <use images/reco/2018/feature_2/performance_SingleMuon_VanillaSparseContractiveVariational.png>
Package pdftex.def Info: images/reco/2018/feature_2/performance_SingleMuon_VanillaSparseContractiveVariational.png used on input line 226.
(pdftex.def)             Requested size: 216.01767pt x 162.01425pt.
 <images/reco/2018/feature_2/performance_ZeroBias_VanillaSparseContractiveVariational.png, id=149, 462.528pt x 346.896pt>
File: images/reco/2018/feature_2/performance_ZeroBias_VanillaSparseContractiveVariational.png Graphic file (type png)
 <use images/reco/2018/feature_2/performance_ZeroBias_VanillaSparseContractiveVariational.png>
Package pdftex.def Info: images/reco/2018/feature_2/performance_ZeroBias_VanillaSparseContractiveVariational.png used on input line 230.
(pdftex.def)             Requested size: 216.01767pt x 162.01425pt.
 <images/reco/2018/feature_2/performance_JetHT_VanillaSparseContractiveVariational.png, id=150, 462.528pt x 346.896pt>
File: images/reco/2018/feature_2/performance_JetHT_VanillaSparseContractiveVariational.png Graphic file (type png)
 <use images/reco/2018/feature_2/performance_JetHT_VanillaSparseContractiveVariational.png>
Package pdftex.def Info: images/reco/2018/feature_2/performance_JetHT_VanillaSparseContractiveVariational.png used on input line 234.
(pdftex.def)             Requested size: 216.01767pt x 162.01425pt.
 [17 </Users/jab/Desktop/CMSDC/CMS_DC_ANOMALY/report/summer/images/reco/2016/example_se.png>]

LaTeX Warning: Text page 18 contains only floats.

[18 </Users/jab/Desktop/CMSDC/CMS_DC_ANOMALY/report/summer/images/reco/2016/guess_visual.png> </Users/jab/Desktop/CMSDC/CMS_DC_ANOMALY/report/summer/images/reco/2018/EGamma_subsystem_label.png> </Users/jab/Desktop/CMSDC/CMS_DC_ANOMALY/report/summer/images/reco/2018/EGamma_subsystem_label_short_range.png>]

LaTeX Warning: `!h' float specifier changed to `!ht'.

<images/reco/2018/feature_2/se_dist_Vanilla1f2_SingleMuon.png, id=161, 462.528pt x 346.896pt>
File: images/reco/2018/feature_2/se_dist_Vanilla1f2_SingleMuon.png Graphic file (type png)
 <use images/reco/2018/feature_2/se_dist_Vanilla1f2_SingleMuon.png>
Package pdftex.def Info: images/reco/2018/feature_2/se_dist_Vanilla1f2_SingleMuon.png used on input line 251.
(pdftex.def)             Requested size: 216.01767pt x 162.01425pt.
 <images/reco/2018/feature_2/se_dist_Variational1f2_ZeroBias.png, id=162, 462.528pt x 346.896pt>
File: images/reco/2018/feature_2/se_dist_Variational1f2_ZeroBias.png Graphic file (type png)
 <use images/reco/2018/feature_2/se_dist_Variational1f2_ZeroBias.png>
Package pdftex.def Info: images/reco/2018/feature_2/se_dist_Variational1f2_ZeroBias.png used on input line 255.
(pdftex.def)             Requested size: 216.01767pt x 162.01425pt.
 <images/reco/2018/feature_2/se_dist_Variational1f2_JetHT.png, id=163, 462.528pt x 346.896pt>
File: images/reco/2018/feature_2/se_dist_Variational1f2_JetHT.png Graphic file (type png)
 <use images/reco/2018/feature_2/se_dist_Variational1f2_JetHT.png>
Package pdftex.def Info: images/reco/2018/feature_2/se_dist_Variational1f2_JetHT.png used on input line 259.
(pdftex.def)             Requested size: 216.01767pt x 162.01425pt.


LaTeX Warning: `!h' float specifier changed to `!ht'.

) (/Users/jab/Desktop/CMSDC/CMS_DC_ANOMALY/report/summer/sections/conclusion.tex [19 </Users/jab/Desktop/CMSDC/CMS_DC_ANOMALY/report/summer/images/reco/2018/SingleMuon_label_separate.png> </Users/jab/Desktop/CMSDC/CMS_DC_ANOMALY/report/summer/images/reco/2018/SingleMuon_label_separate_short_range.png> </Users/jab/Desktop/CMSDC/CMS_DC_ANOMALY/report/summer/images/reco/2018/SingleMuon_subsystem_label.png> </Users/jab/Desktop/CMSDC/CMS_DC_ANOMALY/report/summer/images/reco/2018/SingleMuon_subsystem_label_short_range.png>] [20 </Users/jab/Desktop/CMSDC/CMS_DC_ANOMALY/report/summer/images/reco/2018/ZeroBias_label_separate.png> </Users/jab/Desktop/CMSDC/CMS_DC_ANOMALY/report/summer/images/reco/2018/ZeroBias_label_separate_short_range.png> </Users/jab/Desktop/CMSDC/CMS_DC_ANOMALY/report/summer/images/reco/2018/ZeroBias_subsystem_label.png> </Users/jab/Desktop/CMSDC/CMS_DC_ANOMALY/report/summer/images/reco/2018/ZeroBias_subsystem_label_short_range.png>] [21 </Users/jab/Desktop/CMSDC/CMS_DC_ANOMALY/report/summer/images/reco/2018/JetHT_label_separate.png> </Users/jab/Desktop/CMSDC/CMS_DC_ANOMALY/report/summer/images/reco/2018/JetHT_label_separate_short_range.png> </Users/jab/Desktop/CMSDC/CMS_DC_ANOMALY/report/summer/images/reco/2018/JetHT_subsystem_label.png> </Users/jab/Desktop/CMSDC/CMS_DC_ANOMALY/report/summer/images/reco/2018/JetHT_subsystem_label_short_range.png>] [22 </Users/jab/Desktop/CMSDC/CMS_DC_ANOMALY/report/summer/images/reco/2018/feature_1/performance_EGamma_VanillaSparseContractiveVariational.png> </Users/jab/Desktop/CMSDC/CMS_DC_ANOMALY/report/summer/images/reco/2018/feature_1/performance_SingleMuon_VanillaSparseContractiveVariational.png> </Users/jab/Desktop/CMSDC/CMS_DC_ANOMALY/report/summer/images/reco/2018/feature_1/performance_ZeroBias_VanillaSparseContractiveVariational.png> </Users/jab/Desktop/CMSDC/CMS_DC_ANOMALY/report/summer/images/reco/2018/feature_1/performance_JetHT_VanillaSparseContractiveVariational.png>] [23 </Users/jab/Desktop/CMSDC/CMS_DC_ANOMALY/report/summer/images/reco/2018/feature_1/performance_EGamma_SparseContractiveSparseVariationalContractiveVariationalStandard.png> </Users/jab/Desktop/CMSDC/CMS_DC_ANOMALY/report/summer/images/reco/2018/feature_1/performance_SingleMuon_SparseContractiveSparseVariationalContractiveVariationalStandard.png> </Users/jab/Desktop/CMSDC/CMS_DC_ANOMALY/report/summer/images/reco/2018/feature_1/performance_ZeroBias_SparseContractiveSparseVariationalContractiveVariationalStandard.png> </Users/jab/Desktop/CMSDC/CMS_DC_ANOMALY/report/summer/images/reco/2018/feature_1/performance_JetHT_SparseContractiveSparseVariationalContractiveVariationalStandard.png>] [24 </Users/jab/Desktop/CMSDC/CMS_DC_ANOMALY/report/summer/images/reco/2018/feature_2/performance_SingleMuon_VanillaSparseContractiveVariational.png> </Users/jab/Desktop/CMSDC/CMS_DC_ANOMALY/report/summer/images/reco/2018/feature_2/performance_ZeroBias_VanillaSparseContractiveVariational.png> </Users/jab/Desktop/CMSDC/CMS_DC_ANOMALY/report/summer/images/reco/2018/feature_2/performance_JetHT_VanillaSparseContractiveVariational.png>] [25 </Users/jab/Desktop/CMSDC/CMS_DC_ANOMALY/report/summer/images/reco/2018/feature_2/se_dist_Vanilla1f2_SingleMuon.png> </Users/jab/Desktop/CMSDC/CMS_DC_ANOMALY/report/summer/images/reco/2018/feature_2/se_dist_Variational1f2_ZeroBias.png> </Users/jab/Desktop/CMSDC/CMS_DC_ANOMALY/report/summer/images/reco/2018/feature_2/se_dist_Variational1f2_JetHT.png>]
Chapter 6.
) (/Users/jab/Desktop/CMSDC/CMS_DC_ANOMALY/report/summer/main.bbl [26

]
Missing character: There is no Ã in font cmr10!
Missing character: There is no ¡ in font cmr10!
Missing character: There is no Ì in font cmr10!
Missing character: There is no ˆ in font cmr10!
)

Package caption Warning: Unused \captionsetup[table] on input line 31.
See the caption package documentation for explanation.

[27

] (/Users/jab/Desktop/CMSDC/CMS_DC_ANOMALY/report/summer/main.aux) ) 
Here is how much of TeX's memory you used:
 5614 strings out of 492995
 90503 string characters out of 6132703
 258989 words of memory out of 5000000
 8997 multiletter control sequences out of 15000+600000
 19376 words of font info for 73 fonts, out of 8000000 for 9000
 1141 hyphenation exceptions out of 8191
 37i,9n,42p,780b,499s stack positions out of 5000i,500n,10000p,200000b,80000s
</usr/local/texlive/2017/texmf-dist/fonts/type1/public/amsfonts/cm/cmbx10.pfb></usr/local/texlive/2017/texmf-dist/fonts/type1/public/amsfonts/cm/cmbx12.pfb></usr/local/texlive/2017/texmf-dist/fonts/type1/public/amsfonts/cm/cmex10.pfb></usr/local/texlive/2017/texmf-dist/fonts/type1/public/amsfonts/cm/cmmi10.pfb></usr/local/texlive/2017/texmf-dist/fonts/type1/public/amsfonts/cm/cmmi8.pfb></usr/local/texlive/2017/texmf-dist/fonts/type1/public/amsfonts/cm/cmr10.pfb></usr/local/texlive/2017/texmf-dist/fonts/type1/public/amsfonts/cm/cmr12.pfb></usr/local/texlive/2017/texmf-dist/fonts/type1/public/amsfonts/cm/cmr17.pfb></usr/local/texlive/2017/texmf-dist/fonts/type1/public/amsfonts/cm/cmr6.pfb></usr/local/texlive/2017/texmf-dist/fonts/type1/public/amsfonts/cm/cmr8.pfb></usr/local/texlive/2017/texmf-dist/fonts/type1/public/amsfonts/cm/cmr9.pfb></usr/local/texlive/2017/texmf-dist/fonts/type1/public/amsfonts/cm/cmsl10.pfb></usr/local/texlive/2017/texmf-dist/fonts/type1/public/amsfonts/cm/cmsy10.pfb></usr/local/texlive/2017/texmf-dist/fonts/type1/public/amsfonts/cm/cmsy6.pfb></usr/local/texlive/2017/texmf-dist/fonts/type1/public/amsfonts/cm/cmsy8.pfb></usr/local/texlive/2017/texmf-dist/fonts/type1/public/amsfonts/cm/cmti10.pfb></usr/local/texlive/2017/texmf-dist/fonts/type1/public/amsfonts/cm/cmti12.pfb></usr/local/texlive/2017/texmf-dist/fonts/type1/public/amsfonts/symbols/msam10.pfb>
Output written on /Users/jab/Desktop/CMSDC/CMS_DC_ANOMALY/report/summer/main.pdf (32 pages, 8529437 bytes).
PDF statistics:
 277 PDF objects out of 1000 (max. 8388607)
 133 compressed objects within 2 object streams
 0 named destinations out of 1000 (max. 500000)
 226 words of extra memory for PDF output out of 10000 (max. 10000000)

